<?xml version="1.0" encoding="UTF-8"?>
<testng-results skipped="0" failed="0" ignored="0" total="2" passed="2">
  <reporter-output>
  </reporter-output>
  <suite name="Suite" duration-ms="29039" started-at="2018-07-03T06:25:08Z" finished-at="2018-07-03T06:25:37Z">
    <groups>
    </groups>
    <test name="BeforeSuite" duration-ms="4" started-at="2018-07-03T06:25:08Z" finished-at="2018-07-03T06:25:08Z">
    </test> <!-- BeforeSuite -->
    <test name="Test1" duration-ms="26990" started-at="2018-07-03T06:25:08Z" finished-at="2018-07-03T06:25:35Z">
      <class name="testcases.LoginTest">
        <test-method status="PASS" signature="doLogin(java.util.Hashtable)[pri:0, instance:testcases.LoginTest@3b5b47]" name="doLogin" duration-ms="26453" started-at="2018-07-03T11:55:08Z" data-provider="dp" finished-at="2018-07-03T11:55:35Z">
          <params>
            <param index="0">
              <value>
                <![CDATA[{Password=123scorpio, runmode=Y, UserName=soumyansh@gmail.com}]]>
              </value>
            </param>
          </params>
          <reporter-output>
          </reporter-output>
        </test-method> <!-- doLogin -->
      </class> <!-- testcases.LoginTest -->
    </test> <!-- Test1 -->
    <test name="Test2" duration-ms="2007" started-at="2018-07-03T06:25:35Z" finished-at="2018-07-03T06:25:37Z">
      <class name="base.Page">
        <test-method status="PASS" signature="setup()[pri:0, instance:base.Page@1ec71f8]" name="setup" is-config="true" duration-ms="16294" started-at="2018-07-03T11:54:52Z" finished-at="2018-07-03T11:55:08Z">
          <reporter-output>
          </reporter-output>
        </test-method> <!-- setup -->
      </class> <!-- base.Page -->
      <class name="testcases.CreateAccount">
        <test-method status="PASS" signature="CreateAccountTest(java.util.Hashtable)[pri:0, instance:testcases.CreateAccount@5f66e3]" name="CreateAccountTest" duration-ms="1755" started-at="2018-07-03T11:55:35Z" data-provider="dp" finished-at="2018-07-03T11:55:37Z">
          <params>
            <param index="0">
              <value>
                <![CDATA[{MemberName=Soumya Gupta}]]>
              </value>
            </param>
          </params>
          <reporter-output>
          </reporter-output>
        </test-method> <!-- CreateAccountTest -->
        <test-method status="PASS" signature="tearDown()[pri:0, instance:testcases.CreateAccount@5f66e3]" name="tearDown" is-config="true" duration-ms="842" started-at="2018-07-03T11:55:37Z" finished-at="2018-07-03T11:55:38Z">
          <reporter-output>
          </reporter-output>
        </test-method> <!-- tearDown -->
      </class> <!-- testcases.CreateAccount -->
    </test> <!-- Test2 -->
  </suite> <!-- Suite -->
</testng-results>
