<?xml version="1.0" encoding="UTF-8"?>
<testng-results skipped="0" failed="0" total="1" passed="1">
  <reporter-output>
  </reporter-output>
  <suite name="Suite" duration-ms="45330" started-at="2018-06-30T06:41:32Z" finished-at="2018-06-30T06:42:18Z">
    <groups>
    </groups>
    <test name="BeforeSuite" duration-ms="105" started-at="2018-06-30T06:41:32Z" finished-at="2018-06-30T06:41:33Z">
    </test> <!-- BeforeSuite -->
    <test name="Test1" duration-ms="45160" started-at="2018-06-30T06:41:33Z" finished-at="2018-06-30T06:42:18Z">
      <class name="base.Page">
        <test-method status="PASS" signature="setup()[pri:0, instance:base.Page@1fead27]" name="setup" is-config="true" duration-ms="24924" started-at="2018-06-30T12:11:08Z" finished-at="2018-06-30T12:11:32Z">
          <reporter-output>
          </reporter-output>
        </test-method> <!-- setup -->
      </class> <!-- base.Page -->
      <class name="testcases.LoginTest">
        <test-method status="PASS" signature="doLogin()[pri:0, instance:testcases.LoginTest@293aa2]" name="doLogin" duration-ms="44613" started-at="2018-06-30T12:11:33Z" finished-at="2018-06-30T12:12:17Z">
          <reporter-output>
          </reporter-output>
        </test-method> <!-- doLogin -->
        <test-method status="PASS" signature="tearDown()[pri:0, instance:testcases.LoginTest@293aa2]" name="tearDown" is-config="true" duration-ms="0" started-at="2018-06-30T12:12:18Z" finished-at="2018-06-30T12:12:18Z">
          <reporter-output>
          </reporter-output>
        </test-method> <!-- tearDown -->
      </class> <!-- testcases.LoginTest -->
    </test> <!-- Test1 -->
  </suite> <!-- Suite -->
</testng-results>
